# JRE version: OpenJDK Runtime Environment Microsoft-8035246 (17.0.8+7) (build 17.0.8+7-LTS)
# Java VM: OpenJDK 64-Bit Server VM Microsoft-8035246 (17.0.8+7-LTS, mixed mode, sharing, tiered, compressed oops, compressed class ptrs, g1 gc, windows-amd64)
GC Precious Log:
 CPUs: 12 total, 12 available
 Memory: 7916M
 Large Page Support: Disabled
 NUMA Support: Disabled
 Compressed Oops: Enabled (32-bit)
 Heap Region Size: 1M
 Heap Min Capacity: 8M
 Heap Initial Capacity: 124M
 Heap Max Capacity: 2G
 Pre-touch: Disabled
 Parallel Workers: 10
 Concurrent Workers: 3
 Concurrent Refinement Workers: 10
 Periodic GC: Disabled
Heap:
 garbage-first heap   total 301056K, used 245619K [0x0000000080000000, 0x0000000100000000)
  region size 1024K, 43 young (44032K), 4 survivors (4096K)
 Metaspace       used 112648K, committed 114112K, reserved 557056K
  class space    used 15505K, committed 16192K, reserved 425984K
GC Heap History (20 events):
Event: 23.570 GC heap before
{Heap before GC invocations=37 (full 0):
 garbage-first heap   total 301056K, used 232537K [0x0000000080000000, 0x0000000100000000)
  region size 1024K, 104 young (106496K), 17 survivors (17408K)
 Metaspace       used 99195K, committed 100288K, reserved 557056K
  class space    used 13916K, committed 14400K, reserved 425984K
}
Event: 23.584 GC heap after
{Heap after GC invocations=38 (full 0):
 garbage-first heap   total 301056K, used 158690K [0x0000000080000000, 0x0000000100000000)
  region size 1024K, 13 young (13312K), 13 survivors (13312K)
 Metaspace       used 99195K, committed 100288K, reserved 557056K
  class space    used 13916K, committed 14400K, reserved 425984K
}
Event: 24.964 GC heap before
{Heap before GC invocations=38 (full 0):
 garbage-first heap   total 301056K, used 235490K [0x0000000080000000, 0x0000000100000000)
  region size 1024K, 88 young (90112K), 13 survivors (13312K)
 Metaspace       used 104132K, committed 105344K, reserved 557056K
  class space    used 14567K, committed 15104K, reserved 425984K
}
Event: 24.983 GC heap after
{Heap after GC invocations=39 (full 0):
 garbage-first heap   total 301056K, used 167133K [0x0000000080000000, 0x0000000100000000)
  region size 1024K, 9 young (9216K), 9 survivors (9216K)
 Metaspace       used 104132K, committed 105344K, reserved 557056K
  class space    used 14567K, committed 15104K, reserved 425984K
}
Event: 26.008 GC heap before
{Heap before GC invocations=39 (full 0):
 garbage-first heap   total 301056K, used 238813K [0x0000000080000000, 0x0000000100000000)
  region size 1024K, 79 young (80896K), 9 survivors (9216K)
 Metaspace       used 106232K, committed 107456K, reserved 557056K
  class space    used 14809K, committed 15360K, reserved 425984K
}
Event: 26.023 GC heap after
{Heap after GC invocations=40 (full 0):
 garbage-first heap   total 301056K, used 175329K [0x0000000080000000, 0x0000000100000000)
  region size 1024K, 8 young (8192K), 8 survivors (8192K)
 Metaspace       used 106232K, committed 107456K, reserved 557056K
  class space    used 14809K, committed 15360K, reserved 425984K
}
Event: 26.827 GC heap before
{Heap before GC invocations=40 (full 0):
 garbage-first heap   total 301056K, used 241889K [0x0000000080000000, 0x0000000100000000)
  region size 1024K, 73 young (74752K), 8 survivors (8192K)
 Metaspace       used 106754K, committed 107968K, reserved 557056K
  class space    used 14855K, committed 15424K, reserved 425984K
}
Event: 26.841 GC heap after
{Heap after GC invocations=41 (full 0):
 garbage-first heap   total 301056K, used 181677K [0x0000000080000000, 0x0000000100000000)
  region size 1024K, 7 young (7168K), 7 survivors (7168K)
 Metaspace       used 106754K, committed 107968K, reserved 557056K
  class space    used 14855K, committed 15424K, reserved 425984K
}
Event: 27.715 GC heap before
{Heap before GC invocations=41 (full 0):
 garbage-first heap   total 301056K, used 246189K [0x0000000080000000, 0x0000000100000000)
  region size 1024K, 70 young (71680K), 7 survivors (7168K)
 Metaspace       used 107202K, committed 108480K, reserved 557056K
  class space    used 14919K, committed 15488K, reserved 425984K
}
Event: 27.725 GC heap after
{Heap after GC invocations=42 (full 0):
 garbage-first heap   total 301056K, used 188576K [0x0000000080000000, 0x0000000100000000)
  region size 1024K, 7 young (7168K), 7 survivors (7168K)
 Metaspace       used 107202K, committed 108480K, reserved 557056K
  class space    used 14919K, committed 15488K, reserved 425984K
}
Event: 28.474 GC heap before
{Heap before GC invocations=42 (full 0):
 garbage-first heap   total 301056K, used 248992K [0x0000000080000000, 0x0000000100000000)
  region size 1024K, 66 young (67584K), 7 survivors (7168K)
 Metaspace       used 109632K, committed 110976K, reserved 557056K
  class space    used 15228K, committed 15808K, reserved 425984K
}
Event: 28.485 GC heap after
{Heap after GC invocations=43 (full 0):
 garbage-first heap   total 301056K, used 193024K [0x0000000080000000, 0x0000000100000000)
  region size 1024K, 5 young (5120K), 5 survivors (5120K)
 Metaspace       used 109632K, committed 110976K, reserved 557056K
  class space    used 15228K, committed 15808K, reserved 425984K
}
Event: 29.573 GC heap before
{Heap before GC invocations=43 (full 0):
 garbage-first heap   total 301056K, used 255488K [0x0000000080000000, 0x0000000100000000)
  region size 1024K, 62 young (63488K), 5 survivors (5120K)
 Metaspace       used 111590K, committed 113024K, reserved 557056K
  class space    used 15375K, committed 16000K, reserved 425984K
}
Event: 29.585 GC heap after
{Heap after GC invocations=44 (full 0):
 garbage-first heap   total 301056K, used 201858K [0x0000000080000000, 0x0000000100000000)
  region size 1024K, 8 young (8192K), 8 survivors (8192K)
 Metaspace       used 111590K, committed 113024K, reserved 557056K
  class space    used 15375K, committed 16000K, reserved 425984K
}
Event: 30.300 GC heap before
{Heap before GC invocations=44 (full 0):
 garbage-first heap   total 301056K, used 251010K [0x0000000080000000, 0x0000000100000000)
  region size 1024K, 57 young (58368K), 8 survivors (8192K)
 Metaspace       used 111702K, committed 113088K, reserved 557056K
  class space    used 15380K, committed 16000K, reserved 425984K
}
Event: 30.310 GC heap after
{Heap after GC invocations=45 (full 0):
 garbage-first heap   total 301056K, used 205238K [0x0000000080000000, 0x0000000100000000)
  region size 1024K, 5 young (5120K), 5 survivors (5120K)
 Metaspace       used 111702K, committed 113088K, reserved 557056K
  class space    used 15380K, committed 16000K, reserved 425984K
}
Event: 31.101 GC heap before
{Heap before GC invocations=45 (full 0):
 garbage-first heap   total 301056K, used 253366K [0x0000000080000000, 0x0000000100000000)
  region size 1024K, 53 young (54272K), 5 survivors (5120K)
 Metaspace       used 112642K, committed 114112K, reserved 557056K
  class space    used 15505K, committed 16192K, reserved 425984K
}
Event: 31.106 GC heap after
{Heap after GC invocations=46 (full 0):
 garbage-first heap   total 301056K, used 206581K [0x0000000080000000, 0x0000000100000000)
  region size 1024K, 5 young (5120K), 5 survivors (5120K)
 Metaspace       used 112642K, committed 114112K, reserved 557056K
  class space    used 15505K, committed 16192K, reserved 425984K
}
Event: 31.318 GC heap before
{Heap before GC invocations=46 (full 0):
 garbage-first heap   total 301056K, used 254709K [0x0000000080000000, 0x0000000100000000)
  region size 1024K, 52 young (53248K), 5 survivors (5120K)
 Metaspace       used 112646K, committed 114112K, reserved 557056K
  class space    used 15505K, committed 16192K, reserved 425984K
}
Event: 31.322 GC heap after
{Heap after GC invocations=47 (full 0):
 garbage-first heap   total 301056K, used 207731K [0x0000000080000000, 0x0000000100000000)
  region size 1024K, 4 young (4096K), 4 survivors (4096K)
 Metaspace       used 112646K, committed 114112K, reserved 557056K
  class space    used 15505K, committed 16192K, reserved 425984K
}

