# JRE version: OpenJDK Runtime Environment Microsoft-8035246 (17.0.8+7) (build 17.0.8+7-LTS)
# Java VM: OpenJDK 64-Bit Server VM Microsoft-8035246 (17.0.8+7-LTS, mixed mode, sharing, tiered, compressed oops, compressed class ptrs, g1 gc, windows-amd64)
GC Precious Log:
 CPUs: 12 total, 12 available
 Memory: 7916M
 Large Page Support: Disabled
 NUMA Support: Disabled
 Compressed Oops: Enabled (32-bit)
 Heap Region Size: 1M
 Heap Min Capacity: 8M
 Heap Initial Capacity: 124M
 Heap Max Capacity: 2G
 Pre-touch: Disabled
 Parallel Workers: 10
 Concurrent Workers: 3
 Concurrent Refinement Workers: 10
 Periodic GC: Disabled
Heap:
 garbage-first heap   total 308224K, used 247760K [0x0000000080000000, 0x0000000100000000)
  region size 1024K, 61 young (62464K), 7 survivors (7168K)
 Metaspace       used 109205K, committed 110464K, reserved 557056K
  class space    used 15048K, committed 15680K, reserved 425984K
GC Heap History (20 events):
Event: 19.074 GC heap before
{Heap before GC invocations=32 (full 0):
 garbage-first heap   total 308224K, used 224557K [0x0000000080000000, 0x0000000100000000)
  region size 1024K, 126 young (129024K), 2 survivors (2048K)
 Metaspace       used 88821K, committed 89600K, reserved 557056K
  class space    used 12554K, committed 12928K, reserved 425984K
}
Event: 19.082 GC heap after
{Heap after GC invocations=33 (full 0):
 garbage-first heap   total 308224K, used 102273K [0x0000000080000000, 0x0000000100000000)
  region size 1024K, 7 young (7168K), 7 survivors (7168K)
 Metaspace       used 88821K, committed 89600K, reserved 557056K
  class space    used 12554K, committed 12928K, reserved 425984K
}
Event: 20.730 GC heap before
{Heap before GC invocations=33 (full 0):
 garbage-first heap   total 308224K, used 233345K [0x0000000080000000, 0x0000000100000000)
  region size 1024K, 135 young (138240K), 7 survivors (7168K)
 Metaspace       used 95000K, committed 96064K, reserved 557056K
  class space    used 13452K, committed 13952K, reserved 425984K
}
Event: 20.745 GC heap after
{Heap after GC invocations=34 (full 0):
 garbage-first heap   total 308224K, used 119409K [0x0000000080000000, 0x0000000100000000)
  region size 1024K, 17 young (17408K), 17 survivors (17408K)
 Metaspace       used 95000K, committed 96064K, reserved 557056K
  class space    used 13452K, committed 13952K, reserved 425984K
}
Event: 21.983 GC heap before
{Heap before GC invocations=34 (full 0):
 garbage-first heap   total 308224K, used 242289K [0x0000000080000000, 0x0000000100000000)
  region size 1024K, 131 young (134144K), 17 survivors (17408K)
 Metaspace       used 96148K, committed 97280K, reserved 557056K
  class space    used 13540K, committed 14080K, reserved 425984K
}
Event: 22.000 GC heap after
{Heap after GC invocations=35 (full 0):
 garbage-first heap   total 308224K, used 145059K [0x0000000080000000, 0x0000000100000000)
  region size 1024K, 17 young (17408K), 17 survivors (17408K)
 Metaspace       used 96148K, committed 97280K, reserved 557056K
  class space    used 13540K, committed 14080K, reserved 425984K
}
Event: 23.561 GC heap before
{Heap before GC invocations=35 (full 0):
 garbage-first heap   total 308224K, used 236195K [0x0000000080000000, 0x0000000100000000)
  region size 1024K, 105 young (107520K), 17 survivors (17408K)
 Metaspace       used 100270K, committed 101440K, reserved 557056K
  class space    used 14068K, committed 14592K, reserved 425984K
}
Event: 23.575 GC heap after
{Heap after GC invocations=36 (full 0):
 garbage-first heap   total 308224K, used 158552K [0x0000000080000000, 0x0000000100000000)
  region size 1024K, 11 young (11264K), 11 survivors (11264K)
 Metaspace       used 100270K, committed 101440K, reserved 557056K
  class space    used 14068K, committed 14592K, reserved 425984K
}
Event: 24.938 GC heap before
{Heap before GC invocations=36 (full 0):
 garbage-first heap   total 308224K, used 240472K [0x0000000080000000, 0x0000000100000000)
  region size 1024K, 91 young (93184K), 11 survivors (11264K)
 Metaspace       used 105173K, committed 106304K, reserved 557056K
  class space    used 14690K, committed 15232K, reserved 425984K
}
Event: 24.953 GC heap after
{Heap after GC invocations=37 (full 0):
 garbage-first heap   total 308224K, used 169339K [0x0000000080000000, 0x0000000100000000)
  region size 1024K, 10 young (10240K), 10 survivors (10240K)
 Metaspace       used 105173K, committed 106304K, reserved 557056K
  class space    used 14690K, committed 15232K, reserved 425984K
}
Event: 25.548 GC heap before
{Heap before GC invocations=37 (full 0):
 garbage-first heap   total 308224K, used 246139K [0x0000000080000000, 0x0000000100000000)
  region size 1024K, 85 young (87040K), 10 survivors (10240K)
 Metaspace       used 106356K, committed 107520K, reserved 557056K
  class space    used 14819K, committed 15360K, reserved 425984K
}
Event: 25.560 GC heap after
{Heap after GC invocations=38 (full 0):
 garbage-first heap   total 308224K, used 177162K [0x0000000080000000, 0x0000000100000000)
  region size 1024K, 8 young (8192K), 8 survivors (8192K)
 Metaspace       used 106356K, committed 107520K, reserved 557056K
  class space    used 14819K, committed 15360K, reserved 425984K
}
Event: 26.188 GC heap before
{Heap before GC invocations=38 (full 0):
 garbage-first heap   total 308224K, used 252938K [0x0000000080000000, 0x0000000100000000)
  region size 1024K, 78 young (79872K), 8 survivors (8192K)
 Metaspace       used 108646K, committed 109888K, reserved 557056K
  class space    used 14993K, committed 15552K, reserved 425984K
}
Event: 26.201 GC heap after
{Heap after GC invocations=39 (full 0):
 garbage-first heap   total 308224K, used 186892K [0x0000000080000000, 0x0000000100000000)
  region size 1024K, 10 young (10240K), 10 survivors (10240K)
 Metaspace       used 108646K, committed 109888K, reserved 557056K
  class space    used 14993K, committed 15552K, reserved 425984K
}
Event: 26.639 GC heap before
{Heap before GC invocations=39 (full 0):
 garbage-first heap   total 308224K, used 250380K [0x0000000080000000, 0x0000000100000000)
  region size 1024K, 73 young (74752K), 10 survivors (10240K)
 Metaspace       used 108797K, committed 110016K, reserved 557056K
  class space    used 14999K, committed 15552K, reserved 425984K
}
Event: 26.648 GC heap after
{Heap after GC invocations=40 (full 0):
 garbage-first heap   total 308224K, used 190329K [0x0000000080000000, 0x0000000100000000)
  region size 1024K, 5 young (5120K), 5 survivors (5120K)
 Metaspace       used 108797K, committed 110016K, reserved 557056K
  class space    used 14999K, committed 15552K, reserved 425984K
}
Event: 27.020 GC heap before
{Heap before GC invocations=40 (full 0):
 garbage-first heap   total 308224K, used 252793K [0x0000000080000000, 0x0000000100000000)
  region size 1024K, 67 young (68608K), 5 survivors (5120K)
 Metaspace       used 109198K, committed 110464K, reserved 557056K
  class space    used 15047K, committed 15680K, reserved 425984K
}
Event: 27.025 GC heap after
{Heap after GC invocations=41 (full 0):
 garbage-first heap   total 308224K, used 192063K [0x0000000080000000, 0x0000000100000000)
  region size 1024K, 7 young (7168K), 7 survivors (7168K)
 Metaspace       used 109198K, committed 110464K, reserved 557056K
  class space    used 15047K, committed 15680K, reserved 425984K
}
Event: 27.253 GC heap before
{Heap before GC invocations=41 (full 0):
 garbage-first heap   total 308224K, used 254527K [0x0000000080000000, 0x0000000100000000)
  region size 1024K, 69 young (70656K), 7 survivors (7168K)
 Metaspace       used 109201K, committed 110464K, reserved 557056K
  class space    used 15048K, committed 15680K, reserved 425984K
}
Event: 27.259 GC heap after
{Heap after GC invocations=42 (full 0):
 garbage-first heap   total 308224K, used 193488K [0x0000000080000000, 0x0000000100000000)
  region size 1024K, 7 young (7168K), 7 survivors (7168K)
 Metaspace       used 109201K, committed 110464K, reserved 557056K
  class space    used 15048K, committed 15680K, reserved 425984K
}

